<?xml version="1.0" encoding="UTF-8"?>
<!-- Generated by org.testng.reporters.JUnitXMLReporter -->
<testsuite ignored="0" hostname="WONDR9LGW9M6C2" failures="0" tests="4" name="Opencart RegistrationPage Test" time="98.737" errors="0" timestamp="2022-12-26T12:02:34 IST">
  <testcase classname="com.qa.opencart.test.RegistrationPageTest" name="userRegistrationTest" time="27.914"/>
  <testcase classname="com.qa.opencart.test.RegistrationPageTest" name="userRegistrationTest" time="17.949"/>
  <testcase classname="com.qa.opencart.test.RegistrationPageTest" name="userRegistrationTest" time="17.448"/>
  <testcase classname="com.qa.opencart.test.RegistrationPageTest" name="userRegistrationTest" time="17.652"/>
</testsuite> <!-- Opencart RegistrationPage Test -->
