<?xml version="1.0" encoding="UTF-8"?>
<!-- Generated by org.testng.reporters.JUnitXMLReporter -->
<testsuite ignored="0" hostname="WONDR9LGW9M6C2" failures="0" tests="5" name="Opencart LoginPage Test" time="17.41" errors="0" timestamp="2022-12-23T18:12:14 IST">
  <testcase classname="com.qa.opencart.test.LoginpageTest" name="loginpagetitletest" time="0.04"/>
  <testcase classname="com.qa.opencart.test.LoginpageTest" name="loginpageurltest" time="0.024"/>
  <testcase classname="com.qa.opencart.test.LoginpageTest" name="forgetpwdlinktest" time="0.108"/>
  <testcase classname="com.qa.opencart.test.LoginpageTest" name="registerlinktest" time="0.057"/>
  <testcase classname="com.qa.opencart.test.LoginpageTest" name="loginTest" time="1.66"/>
</testsuite> <!-- Opencart LoginPage Test -->
