<?xml version="1.0" encoding="UTF-8"?>
<!-- Generated by org.testng.reporters.JUnitXMLReporter -->
<testsuite ignored="0" hostname="WONDR9LGW9M6C2" failures="0" tests="11" name="Opencart AccountsPage Test" time="137.65" errors="0" timestamp="2022-12-24T17:28:59 IST">
  <testcase classname="com.qa.opencart.test.AccountsPageTest" name="accPageTitleTest" time="0.018"/>
  <testcase classname="com.qa.opencart.test.AccountsPageTest" name="accPageHeaderTest" time="1.211"/>
  <testcase classname="com.qa.opencart.test.AccountsPageTest" name="isLogoutExistTest" time="1.218"/>
  <testcase classname="com.qa.opencart.test.AccountsPageTest" name="accPageSectionsTest" time="1.045"/>
  <testcase classname="com.qa.opencart.test.AccountsPageTest" name="searchTest" time="6.866"/>
  <testcase classname="com.qa.opencart.test.AccountsPageTest" name="searchTest" time="4.898"/>
  <testcase classname="com.qa.opencart.test.AccountsPageTest" name="searchTest" time="4.413"/>
  <testcase classname="com.qa.opencart.test.AccountsPageTest" name="selectProductTest" time="11.346"/>
  <testcase classname="com.qa.opencart.test.AccountsPageTest" name="selectProductTest" time="36.008"/>
  <testcase classname="com.qa.opencart.test.AccountsPageTest" name="selectProductTest" time="15.735"/>
  <testcase classname="com.qa.opencart.test.AccountsPageTest" name="selectProductTest" time="9.91"/>
</testsuite> <!-- Opencart AccountsPage Test -->
