<?xml version="1.0" encoding="UTF-8"?>
<!-- Generated by org.testng.reporters.JUnitXMLReporter -->
<testsuite ignored="0" hostname="WONDR9LGW9M6C2" failures="0" tests="5" name="Opencart LoginPage Test" time="32.412" errors="0" timestamp="2022-12-23T18:31:43 IST">
  <testcase classname="com.qa.opencart.test.LoginpageTest" name="loginpagetitletest" time="0.104"/>
  <testcase classname="com.qa.opencart.test.LoginpageTest" name="loginpageurltest" time="0.045"/>
  <testcase classname="com.qa.opencart.test.LoginpageTest" name="forgetpwdlinktest" time="0.187"/>
  <testcase classname="com.qa.opencart.test.LoginpageTest" name="registerlinktest" time="0.058"/>
  <testcase classname="com.qa.opencart.test.LoginpageTest" name="loginTest" time="1.678"/>
</testsuite> <!-- Opencart LoginPage Test -->
