<?xml version="1.0" encoding="UTF-8"?>
<!-- Generated by org.testng.reporters.JUnitXMLReporter -->
<testsuite ignored="0" hostname="WONDR9LGW9M6C2" failures="0" tests="3" name="Opencart ProductInfoPage Test" time="63.521" errors="0" timestamp="2022-12-24T11:01:01 IST">
  <testcase classname="com.qa.opencart.test.ProductInfoPageTest" name="productHeaderTest" time="16.032"/>
  <testcase classname="com.qa.opencart.test.ProductInfoPageTest" name="productImagesCountTest" time="7.919"/>
  <testcase classname="com.qa.opencart.test.ProductInfoPageTest" name="productInfoTest" time="11.076"/>
</testsuite> <!-- Opencart ProductInfoPage Test -->
