<?xml version="1.0" encoding="UTF-8"?>
<!-- Generated by org.testng.reporters.JUnitXMLReporter -->
<testsuite ignored="0" hostname="WONDR9LGW9M6C2" failures="0" tests="5" name="Opencart LoginPagetest" time="46.898" errors="0" timestamp="2022-12-26T13:05:29 IST">
  <testcase classname="com.qa.opencart.test.LoginPagetest" name="loginPageTitleTest" time="0.922"/>
  <testcase classname="com.qa.opencart.test.LoginPagetest" name="loginPageHeaderTest" time="0.888"/>
  <testcase classname="com.qa.opencart.test.LoginPagetest" name="forgetPwdLinkTest" time="1.104"/>
  <testcase classname="com.qa.opencart.test.LoginPagetest" name="registerLinkTest" time="1.009"/>
  <testcase classname="com.qa.opencart.test.LoginPagetest" name="loginTest" time="5.787"/>
</testsuite> <!-- Opencart LoginPagetest -->
