<?xml version="1.0" encoding="UTF-8"?>
<!-- Generated by org.testng.reporters.JUnitXMLReporter -->
<testsuite ignored="0" hostname="WONDR9LGW9M6C2" failures="0" tests="0" time="39.74" errors="0" timestamp="2022-12-26T07:29:58 IST">
  <testcase classname="com.qa.opencart.test.AccountsPageTest" name="@BeforeClass accPageSetup" time="0.011">
    <failure type="java.lang.NullPointerException">
      <![CDATA[java.lang.NullPointerException
at com.qa.opencart.util.ElementUtil.getElement(ElementUtil.java:82)
at com.qa.opencart.util.ElementUtil.doClear(ElementUtil.java:99)
at com.qa.opencart.util.ElementUtil.doSendKeys(ElementUtil.java:103)
at com.qa.opencart.pages.LoginPage.doLogin(LoginPage.java:51)
at com.qa.opencart.test.AccountsPageTest.accPageSetup(AccountsPageTest.java:20)
at java.base/java.util.ArrayList.forEach(ArrayList.java:1540)
at java.base/java.util.concurrent.FutureTask.run(FutureTask.java:264)
at java.base/java.util.concurrent.ThreadPoolExecutor.runWorker(ThreadPoolExecutor.java:1128)
at java.base/java.util.concurrent.ThreadPoolExecutor$Worker.run(ThreadPoolExecutor.java:628)
at java.base/java.lang.Thread.run(Thread.java:834)
... Removed 15 stack frames]]>
    </failure>
  </testcase> <!-- @BeforeClass accPageSetup -->
  <testcase classname="com.qa.opencart.test.BaseTest" name="@AfterTest tearDown" time="0.0">
    <skipped/>
  </testcase> <!-- @AfterTest tearDown -->
</testsuite>
