<?xml version="1.0" encoding="UTF-8"?>
<!-- Generated by org.testng.reporters.JUnitXMLReporter -->
<testsuite ignored="0" hostname="WONDR9LGW9M6C2" failures="0" tests="5" name="Opencart LoginPagetest" time="42.13" errors="0" timestamp="2022-12-26T13:34:34 IST">
  <testcase classname="com.qa.opencart.test.LoginPagetest" name="loginPageTitleTest" time="0.317"/>
  <testcase classname="com.qa.opencart.test.LoginPagetest" name="loginPageHeaderTest" time="0.933"/>
  <testcase classname="com.qa.opencart.test.LoginPagetest" name="forgetPwdLinkTest" time="1.087"/>
  <testcase classname="com.qa.opencart.test.LoginPagetest" name="registerLinkTest" time="1.158"/>
  <testcase classname="com.qa.opencart.test.LoginPagetest" name="loginTest" time="5.88"/>
</testsuite> <!-- Opencart LoginPagetest -->
