<?xml version="1.0" encoding="UTF-8"?>
<!-- Generated by org.testng.reporters.JUnitXMLReporter -->
<testsuite ignored="0" hostname="WONDR9LGW9M6C2" failures="0" tests="11" name="Opencart AccountsPage Test" time="138.034" errors="0" timestamp="2022-12-24T11:23:28 IST">
  <testcase classname="com.qa.opencart.test.AccountsPageTest" name="accPageTitleTest" time="0.007"/>
  <testcase classname="com.qa.opencart.test.AccountsPageTest" name="accPageHeaderTest" time="1.245"/>
  <testcase classname="com.qa.opencart.test.AccountsPageTest" name="isLogoutExistTest" time="1.257"/>
  <testcase classname="com.qa.opencart.test.AccountsPageTest" name="accPageSectionsTest" time="0.321"/>
  <testcase classname="com.qa.opencart.test.AccountsPageTest" name="searchTest" time="8.209"/>
  <testcase classname="com.qa.opencart.test.AccountsPageTest" name="searchTest" time="9.402"/>
  <testcase classname="com.qa.opencart.test.AccountsPageTest" name="searchTest" time="5.231"/>
  <testcase classname="com.qa.opencart.test.AccountsPageTest" name="selectProductTest" time="20.074"/>
  <testcase classname="com.qa.opencart.test.AccountsPageTest" name="selectProductTest" time="26.857"/>
  <testcase classname="com.qa.opencart.test.AccountsPageTest" name="selectProductTest" time="10.5"/>
  <testcase classname="com.qa.opencart.test.AccountsPageTest" name="selectProductTest" time="12.149"/>
</testsuite> <!-- Opencart AccountsPage Test -->
