<?xml version="1.0" encoding="UTF-8"?>
<!-- Generated by org.testng.reporters.JUnitXMLReporter -->
<testsuite ignored="0" hostname="WONDR9LGW9M6C2" failures="0" tests="4" name="Opencart RegistrationPage Test" time="92.187" errors="0" timestamp="2022-12-26T13:07:02 IST">
  <testcase classname="com.qa.opencart.test.RegistrationPageTest" name="userRegistrationTest" time="13.598"/>
  <testcase classname="com.qa.opencart.test.RegistrationPageTest" name="userRegistrationTest" time="13.887"/>
  <testcase classname="com.qa.opencart.test.RegistrationPageTest" name="userRegistrationTest" time="17.063"/>
  <testcase classname="com.qa.opencart.test.RegistrationPageTest" name="userRegistrationTest" time="16.147"/>
</testsuite> <!-- Opencart RegistrationPage Test -->
