<?xml version="1.0" encoding="UTF-8"?>
<!-- Generated by org.testng.reporters.JUnitXMLReporter -->
<testsuite ignored="0" hostname="WONDR9LGW9M6C2" failures="0" tests="3" name="Opencart ProductInfoPage Test" time="75.291" errors="0" timestamp="2022-12-24T11:50:48 IST">
  <testcase classname="com.qa.opencart.test.ProductInfoPageTest" name="productHeaderTest" time="18.11"/>
  <testcase classname="com.qa.opencart.test.ProductInfoPageTest" name="productImagesCountTest" time="13.058"/>
  <testcase classname="com.qa.opencart.test.ProductInfoPageTest" name="productInfoTest" time="6.519"/>
</testsuite> <!-- Opencart ProductInfoPage Test -->
