<?xml version="1.0" encoding="UTF-8"?>
<!-- Generated by org.testng.reporters.JUnitXMLReporter -->
<testsuite ignored="0" hostname="WONDR9LGW9M6C2" failures="0" tests="4" name="Surefire test" time="85.115" errors="0" timestamp="26 Dec 2022 08:44:48 GMT">
  <testcase classname="com.qa.opencart.test.RegistrationPageTest" name="userRegistrationTest" time="17.563"/>
  <testcase classname="com.qa.opencart.test.RegistrationPageTest" name="userRegistrationTest" time="16.841"/>
  <testcase classname="com.qa.opencart.test.RegistrationPageTest" name="userRegistrationTest" time="17.537"/>
  <testcase classname="com.qa.opencart.test.RegistrationPageTest" name="userRegistrationTest" time="16.537"/>
</testsuite> <!-- Surefire test -->
