<?xml version="1.0" encoding="UTF-8"?>
<!-- Generated by org.testng.reporters.JUnitXMLReporter -->
<testsuite ignored="0" hostname="WONDR9LGW9M6C2" failures="0" tests="4" name="Default test" time="81.395" errors="0" timestamp="2022-12-26T11:50:57 IST">
  <testcase classname="com.qa.opencart.test.RegistrationPageTest" name="userRegistrationTest" time="18.455"/>
  <testcase classname="com.qa.opencart.test.RegistrationPageTest" name="userRegistrationTest" time="14.105"/>
  <testcase classname="com.qa.opencart.test.RegistrationPageTest" name="userRegistrationTest" time="14.943"/>
  <testcase classname="com.qa.opencart.test.RegistrationPageTest" name="userRegistrationTest" time="18.393"/>
</testsuite> <!-- Default test -->
