<?xml version="1.0" encoding="UTF-8"?>
<!-- Generated by org.testng.reporters.JUnitXMLReporter -->
<testsuite ignored="0" hostname="WONDR9LGW9M6C2" failures="0" tests="5" name="Default test" time="46.578" errors="0" timestamp="2022-12-26T12:34:33 IST">
  <testcase classname="com.qa.opencart.test.LoginPageTest" name="loginPageTitleTest" time="0.615"/>
  <testcase classname="com.qa.opencart.test.LoginPageTest" name="loginPageHeaderTest" time="1.631"/>
  <testcase classname="com.qa.opencart.test.LoginPageTest" name="forgetPwdLinkTest" time="0.857"/>
  <testcase classname="com.qa.opencart.test.LoginPageTest" name="registerLinkTest" time="0.902"/>
  <testcase classname="com.qa.opencart.test.LoginPageTest" name="loginTest" time="6.099"/>
</testsuite> <!-- Default test -->
