<?xml version="1.0" encoding="UTF-8"?>
<testng-results ignored="0" total="4" passed="4" failed="0" skipped="0">
  <reporter-output>
  </reporter-output>
  <suite started-at="2022-12-25T15:51:11Z" name="Surefire suite" finished-at="2022-12-25T15:52:41Z" duration-ms="90523">
    <groups>
    </groups>
    <test started-at="2022-12-25T15:51:11Z" name="Surefire test" finished-at="2022-12-25T15:52:41Z" duration-ms="90523">
      <class name="com.qa.opencart.test.RegistrationPageTest">
        <test-method is-config="true" signature="setup()[pri:0, instance:com.qa.opencart.test.RegistrationPageTest@54d9d12d]" started-at="2022-12-25T21:21:11Z" name="setup" finished-at="2022-12-25T21:21:26Z" duration-ms="14961" status="PASS">
          <reporter-output>
          </reporter-output>
        </test-method> <!-- setup -->
        <test-method is-config="true" signature="setupRegistration()[pri:0, instance:com.qa.opencart.test.RegistrationPageTest@54d9d12d]" started-at="2022-12-25T21:21:26Z" name="setupRegistration" finished-at="2022-12-25T21:21:29Z" duration-ms="2877" status="PASS">
          <reporter-output>
          </reporter-output>
        </test-method> <!-- setupRegistration -->
        <test-method signature="userRegistrationTest(java.lang.String, java.lang.String, java.lang.String, java.lang.String, java.lang.String)[pri:0, instance:com.qa.opencart.test.RegistrationPageTest@54d9d12d]" started-at="2022-12-25T21:21:29Z" name="userRegistrationTest" data-provider="getRegisterData" finished-at="2022-12-25T21:21:46Z" duration-ms="16960" status="PASS">
          <params>
            <param index="0">
              <value>
                <![CDATA[Roopa]]>
              </value>
            </param>
            <param index="1">
              <value>
                <![CDATA[mahesh]]>
              </value>
            </param>
            <param index="2">
              <value>
                <![CDATA[9.89879898E9]]>
              </value>
            </param>
            <param index="3">
              <value>
                <![CDATA[Test@1234]]>
              </value>
            </param>
            <param index="4">
              <value>
                <![CDATA[Yes]]>
              </value>
            </param>
          </params>
          <reporter-output>
          </reporter-output>
        </test-method> <!-- userRegistrationTest -->
        <test-method signature="userRegistrationTest(java.lang.String, java.lang.String, java.lang.String, java.lang.String, java.lang.String)[pri:0, instance:com.qa.opencart.test.RegistrationPageTest@54d9d12d]" started-at="2022-12-25T21:21:46Z" name="userRegistrationTest" data-provider="getRegisterData" finished-at="2022-12-25T21:22:03Z" duration-ms="16547" status="PASS">
          <params>
            <param index="0">
              <value>
                <![CDATA[Rekha]]>
              </value>
            </param>
            <param index="1">
              <value>
                <![CDATA[srini]]>
              </value>
            </param>
            <param index="2">
              <value>
                <![CDATA[9.89879891E9]]>
              </value>
            </param>
            <param index="3">
              <value>
                <![CDATA[Test@1235]]>
              </value>
            </param>
            <param index="4">
              <value>
                <![CDATA[Yes]]>
              </value>
            </param>
          </params>
          <reporter-output>
          </reporter-output>
        </test-method> <!-- userRegistrationTest -->
        <test-method signature="userRegistrationTest(java.lang.String, java.lang.String, java.lang.String, java.lang.String, java.lang.String)[pri:0, instance:com.qa.opencart.test.RegistrationPageTest@54d9d12d]" started-at="2022-12-25T21:22:03Z" name="userRegistrationTest" data-provider="getRegisterData" finished-at="2022-12-25T21:22:24Z" duration-ms="20996" status="PASS">
          <params>
            <param index="0">
              <value>
                <![CDATA[Radha]]>
              </value>
            </param>
            <param index="1">
              <value>
                <![CDATA[gopi]]>
              </value>
            </param>
            <param index="2">
              <value>
                <![CDATA[9.898798E9]]>
              </value>
            </param>
            <param index="3">
              <value>
                <![CDATA[Test@1236]]>
              </value>
            </param>
            <param index="4">
              <value>
                <![CDATA[Yes]]>
              </value>
            </param>
          </params>
          <reporter-output>
          </reporter-output>
        </test-method> <!-- userRegistrationTest -->
        <test-method signature="userRegistrationTest(java.lang.String, java.lang.String, java.lang.String, java.lang.String, java.lang.String)[pri:0, instance:com.qa.opencart.test.RegistrationPageTest@54d9d12d]" started-at="2022-12-25T21:22:24Z" name="userRegistrationTest" data-provider="getRegisterData" finished-at="2022-12-25T21:22:40Z" duration-ms="16699" status="PASS">
          <params>
            <param index="0">
              <value>
                <![CDATA[Ramya]]>
              </value>
            </param>
            <param index="1">
              <value>
                <![CDATA[rangesh]]>
              </value>
            </param>
            <param index="2">
              <value>
                <![CDATA[9.89879828E9]]>
              </value>
            </param>
            <param index="3">
              <value>
                <![CDATA[Test@1237]]>
              </value>
            </param>
            <param index="4">
              <value>
                <![CDATA[Yes]]>
              </value>
            </param>
          </params>
          <reporter-output>
          </reporter-output>
        </test-method> <!-- userRegistrationTest -->
        <test-method is-config="true" signature="tearDown()[pri:0, instance:com.qa.opencart.test.RegistrationPageTest@54d9d12d]" started-at="2022-12-25T21:22:40Z" name="tearDown" finished-at="2022-12-25T21:22:41Z" duration-ms="1074" status="PASS">
          <reporter-output>
          </reporter-output>
        </test-method> <!-- tearDown -->
      </class> <!-- com.qa.opencart.test.RegistrationPageTest -->
    </test> <!-- Surefire test -->
  </suite> <!-- Surefire suite -->
</testng-results>
