<?xml version="1.0" encoding="UTF-8"?>
<testng-results ignored="0" total="4" passed="4" failed="0" skipped="0">
  <reporter-output>
  </reporter-output>
  <suite started-at="2022-12-26T08:43:22Z" name="Surefire suite" finished-at="2022-12-26T08:44:48Z" duration-ms="85115">
    <groups>
    </groups>
    <test started-at="2022-12-26T08:43:22Z" name="Surefire test" finished-at="2022-12-26T08:44:48Z" duration-ms="85115">
      <class name="com.qa.opencart.test.RegistrationPageTest">
        <test-method is-config="true" signature="setup()[pri:0, instance:com.qa.opencart.test.RegistrationPageTest@1500b2f3]" started-at="2022-12-26T08:43:22Z" name="setup" finished-at="2022-12-26T08:43:35Z" duration-ms="12996" status="PASS">
          <reporter-output>
          </reporter-output>
        </test-method> <!-- setup -->
        <test-method is-config="true" signature="setupRegistration()[pri:0, instance:com.qa.opencart.test.RegistrationPageTest@1500b2f3]" started-at="2022-12-26T08:43:35Z" name="setupRegistration" finished-at="2022-12-26T08:43:38Z" duration-ms="2030" status="PASS">
          <reporter-output>
          </reporter-output>
        </test-method> <!-- setupRegistration -->
        <test-method signature="userRegistrationTest(java.lang.String, java.lang.String, java.lang.String, java.lang.String, java.lang.String)[pri:0, instance:com.qa.opencart.test.RegistrationPageTest@1500b2f3]" started-at="2022-12-26T08:43:38Z" name="userRegistrationTest" data-provider="getRegisterData" finished-at="2022-12-26T08:43:55Z" duration-ms="17563" status="PASS">
          <params>
            <param index="0">
              <value>
                <![CDATA[Roopa]]>
              </value>
            </param>
            <param index="1">
              <value>
                <![CDATA[mahesh]]>
              </value>
            </param>
            <param index="2">
              <value>
                <![CDATA[9.89879898E9]]>
              </value>
            </param>
            <param index="3">
              <value>
                <![CDATA[Test@1234]]>
              </value>
            </param>
            <param index="4">
              <value>
                <![CDATA[Yes]]>
              </value>
            </param>
          </params>
          <reporter-output>
          </reporter-output>
        </test-method> <!-- userRegistrationTest -->
        <test-method signature="userRegistrationTest(java.lang.String, java.lang.String, java.lang.String, java.lang.String, java.lang.String)[pri:0, instance:com.qa.opencart.test.RegistrationPageTest@1500b2f3]" started-at="2022-12-26T08:43:56Z" name="userRegistrationTest" data-provider="getRegisterData" finished-at="2022-12-26T08:44:12Z" duration-ms="16841" status="PASS">
          <params>
            <param index="0">
              <value>
                <![CDATA[Rekha]]>
              </value>
            </param>
            <param index="1">
              <value>
                <![CDATA[srini]]>
              </value>
            </param>
            <param index="2">
              <value>
                <![CDATA[9.89879891E9]]>
              </value>
            </param>
            <param index="3">
              <value>
                <![CDATA[Test@1235]]>
              </value>
            </param>
            <param index="4">
              <value>
                <![CDATA[Yes]]>
              </value>
            </param>
          </params>
          <reporter-output>
          </reporter-output>
        </test-method> <!-- userRegistrationTest -->
        <test-method signature="userRegistrationTest(java.lang.String, java.lang.String, java.lang.String, java.lang.String, java.lang.String)[pri:0, instance:com.qa.opencart.test.RegistrationPageTest@1500b2f3]" started-at="2022-12-26T08:44:13Z" name="userRegistrationTest" data-provider="getRegisterData" finished-at="2022-12-26T08:44:30Z" duration-ms="17537" status="PASS">
          <params>
            <param index="0">
              <value>
                <![CDATA[Radha]]>
              </value>
            </param>
            <param index="1">
              <value>
                <![CDATA[gopi]]>
              </value>
            </param>
            <param index="2">
              <value>
                <![CDATA[9.898798E9]]>
              </value>
            </param>
            <param index="3">
              <value>
                <![CDATA[Test@1236]]>
              </value>
            </param>
            <param index="4">
              <value>
                <![CDATA[Yes]]>
              </value>
            </param>
          </params>
          <reporter-output>
          </reporter-output>
        </test-method> <!-- userRegistrationTest -->
        <test-method signature="userRegistrationTest(java.lang.String, java.lang.String, java.lang.String, java.lang.String, java.lang.String)[pri:0, instance:com.qa.opencart.test.RegistrationPageTest@1500b2f3]" started-at="2022-12-26T08:44:30Z" name="userRegistrationTest" data-provider="getRegisterData" finished-at="2022-12-26T08:44:47Z" duration-ms="16537" status="PASS">
          <params>
            <param index="0">
              <value>
                <![CDATA[Ramya]]>
              </value>
            </param>
            <param index="1">
              <value>
                <![CDATA[rangesh]]>
              </value>
            </param>
            <param index="2">
              <value>
                <![CDATA[9.89879828E9]]>
              </value>
            </param>
            <param index="3">
              <value>
                <![CDATA[Test@1237]]>
              </value>
            </param>
            <param index="4">
              <value>
                <![CDATA[Yes]]>
              </value>
            </param>
          </params>
          <reporter-output>
          </reporter-output>
        </test-method> <!-- userRegistrationTest -->
        <test-method is-config="true" signature="tearDown()[pri:0, instance:com.qa.opencart.test.RegistrationPageTest@1500b2f3]" started-at="2022-12-26T08:44:47Z" name="tearDown" finished-at="2022-12-26T08:44:48Z" duration-ms="971" status="PASS">
          <reporter-output>
          </reporter-output>
        </test-method> <!-- tearDown -->
      </class> <!-- com.qa.opencart.test.RegistrationPageTest -->
    </test> <!-- Surefire test -->
  </suite> <!-- Surefire suite -->
</testng-results>
